  INITIAL WATER NUMBER:    1
  TIME t = 0
  SPECIATION TEMPERATURE (C):     25.000    PRESSURE (bar):      1.000
  CHEM.ITERATIONS:    18
  IONIC STRENGTH:   1.0125E-07          STOIC. IONIC STRENGTH:   9.8695E-10

                                                                                                                                                 input
      species              molality         gamma    log activ.  tot.aqueous  tot.aqueous  tot.solid    tot.gas      tot.sorbed   aq.kinetics  tot.system  tot.balance  aq.balance
                         (water in kg) (H2O activity)              molality      moles       moles       moles          moles        moles        moles
     ------------------------------------------------------------------------------------------------------------------------------------------------------------------------------
   1 h2o                  1.00000E+00    1.00000E+00     0.000   5.55093E+01  5.55093E+01  0.00000E+00  0.00000E+00  0.00000E+00  0.00000E+00  5.55093E+01  1.42109E-14 -1.42109E-14
   2 h+                   1.00037E-07    9.99629E-01    -7.000  -8.26106E-10 -8.26106E-10  0.00000E+00  0.00000E+00  0.00000E+00  0.00000E+00 -8.26106E-10  0.00000E+00 -3.88671E-17
   3 na+                  1.00000E-10    9.99629E-01   -10.000   1.00000E-10  1.00000E-10  0.00000E+00  0.00000E+00  0.00000E+00  0.00000E+00  1.00000E-10  2.58494E-26 -3.87741E-26
   4 cl-                  1.00000E-10    9.99629E-01   -10.000   1.00000E-10  1.00000E-10  0.00000E+00  0.00000E+00  0.00000E+00  0.00000E+00  1.00000E-10  3.87741E-26 -6.46235E-26
   5 hco3-                8.17137E-11    9.99629E-01   -10.088   1.00000E-10  1.00000E-10  0.00000E+00  0.00000E+00  0.00000E+00  0.00000E+00  1.00000E-10  1.41209E-20 -5.75793E-21
   6 ca+2                 9.99998E-11    9.98515E-01   -10.001   1.00000E-10  1.00000E-10  0.00000E+00  0.00000E+00  0.00000E+00  0.00000E+00  1.00000E-10  1.42172E-25 -2.19720E-25
   7 so4-2                9.99990E-11    9.98515E-01   -10.001   1.00000E-10  1.00000E-10  0.00000E+00  0.00000E+00  0.00000E+00  0.00000E+00  1.00000E-10  1.48634E-24 -1.12445E-24
   8 mg+2                 9.99979E-11    9.98515E-01   -10.001   1.00000E-10  1.00000E-10  0.00000E+00  0.00000E+00  0.00000E+00  0.00000E+00  1.00000E-10  1.61559E-24 -2.42984E-24
   9 ba+2                 1.00000E-10    9.98515E-01   -10.001   1.00000E-10  1.00000E-10  0.00000E+00  0.00000E+00  0.00000E+00  0.00000E+00  1.00000E-10  2.58494E-26 -5.16988E-26
  10 al+3                 5.69138E-16    9.96662E-01   -15.246   1.00000E-10  1.00000E-10  0.00000E+00  0.00000E+00  0.00000E+00  0.00000E+00  1.00000E-10  1.60462E-20 -9.56428E-25
  11 h4sio4               9.98468E-11    1.00000E+00   -10.001   1.00000E-10  1.00000E-10  0.00000E+00  0.00000E+00  0.00000E+00  0.00000E+00  1.00000E-10 -1.19011E-22  5.93761E-23
  12 al(oh)2+             1.45136E-12    9.99629E-01   -11.838
  13 alo2-                7.69525E-11    9.99629E-01   -10.114
  14 aloh+2               6.36484E-14    9.98515E-01   -13.197
  15 also4+               8.09365E-23    9.99629E-01   -22.092
  16 ba(co3)              1.72476E-21    1.00000E+00   -20.763
  17 ba(hco3)+            8.70032E-20    9.99629E-01   -19.061
  18 bacl+                3.22106E-21    9.99629E-01   -20.492
  19 baco3                1.72465E-21    1.00000E+00   -20.763
  20 baoh+                3.18684E-17    9.99629E-01   -16.497
  21 ca(hco3)+            1.02146E-19    9.99629E-01   -18.991
  22 cacl+                5.05513E-21    9.99629E-01   -20.296
  23 cacl2                2.22661E-31    1.00000E+00   -30.652
  24 caco3                6.25813E-21    1.00000E+00   -20.204
  25 caoh+                1.64999E-16    9.99629E-01   -15.783
  26 caso4                1.98465E-18    1.00000E+00   -17.702
  27 co2(aq)              1.82474E-11    1.00000E+00   -10.739
  28 co3-2                3.89563E-14    9.98515E-01   -13.410
  29 h2sio4-2             5.33154E-20    9.98515E-01   -19.274
  30 halo2                2.15319E-11    1.00000E+00   -10.667
  31 hcl                  1.92399E-18    1.00000E+00   -17.716
  32 hsio3-               1.53195E-13    9.99629E-01   -12.815
  33 hso4-                9.47732E-16    9.99629E-01   -15.023
  34 mg(hco3)+            8.83186E-20    9.99629E-01   -19.054
  35 mg4(oh)4+4           1.74516E-52    9.94074E-01   -51.761
  36 mgcl+                2.21024E-20    9.99629E-01   -19.656
  37 mgco3                3.60646E-21    1.00000E+00   -20.443
  38 mgoh+                2.08366E-15    9.99629E-01   -14.681
  39 mgso4                1.64843E-18    1.00000E+00   -17.783
  40 naco3-               7.07679E-23    9.99629E-01   -22.150
  41 nahco3               4.56745E-21    1.00000E+00   -20.340
  42 naoh                 1.75619E-18    1.00000E+00   -17.755
  43 naso4-               8.52933E-20    9.99629E-01   -19.069
  44 oh-                  1.00506E-07    9.99629E-01    -6.998

     Solution charge imbalance =  -2.261E-10 equiv  ( -1.121E-01%)

     eq.minerals             moles         log(Q/K)   v.frac solid
     ------------------------------------------------------------
   1 quartz(alpha)        0.00000E+00       -6.26094
   2 dolomite             0.00000E+00      -29.72206
   3 kaolinite            0.00000E+00      -14.96768
   4 barite               0.00000E+00       -9.96127

      gases                  moles      log(Q/K/fuga)    log(Pgas)   phi    
     ------------------------------------------------------------------------
   1 co2(g)               0.00000E+00       -0.00000       -9.22732   0.99372



